Unity Editor version:    2023.2.10f1 (316c1fd686f6)
Branch:                  2023.2/release
Build type:              Release
Batch mode:              YES
macOS version:           Version 13.5.1 (Build 22G90)
Darwin version:          22.6.0
Architecture:            x86_64
Running under Rosetta:   NO
Available memory:        8192 MB
Using pre-set license
Pro License: YES

COMMAND LINE ARGUMENTS:
/Applications/Unity/Hub/Editor/2023.2.10f1/Unity.app/Contents/MacOS/Unity
-adb2
-batchMode
-noUpm
-name
AssetImportWorker4
-projectPath
/Users/mashaylab/Desktop/MyGithub/UnityGame/CSGame
-logFile
Logs/AssetImportWorker4.log
-srvPort
60844
-job-worker-count
1
-background-job-worker-count
8
-asset-garbage-collectors
1
Successfully changed project path to: /Users/mashaylab/Desktop/MyGithub/UnityGame/CSGame
/Users/mashaylab/Desktop/MyGithub/UnityGame/CSGame
[UnityMemory] Configuration Parameters - Can be set up in boot.config
    "memorysetup-bucket-allocator-granularity=16"
    "memorysetup-bucket-allocator-bucket-count=8"
    "memorysetup-bucket-allocator-block-size=33554432"
    "memorysetup-bucket-allocator-block-count=8"
    "memorysetup-main-allocator-block-size=16777216"
    "memorysetup-thread-allocator-block-size=16777216"
    "memorysetup-gfx-main-allocator-block-size=16777216"
    "memorysetup-gfx-thread-allocator-block-size=16777216"
    "memorysetup-cache-allocator-block-size=4194304"
    "memorysetup-typetree-allocator-block-size=2097152"
    "memorysetup-profiler-bucket-allocator-granularity=16"
    "memorysetup-profiler-bucket-allocator-bucket-count=8"
    "memorysetup-profiler-bucket-allocator-block-size=33554432"
    "memorysetup-profiler-bucket-allocator-block-count=8"
    "memorysetup-profiler-allocator-block-size=16777216"
    "memorysetup-profiler-editor-allocator-block-size=1048576"
    "memorysetup-temp-allocator-size-main=16777216"
    "memorysetup-job-temp-allocator-block-size=2097152"
    "memorysetup-job-temp-allocator-block-size-background=1048576"
    "memorysetup-job-temp-allocator-reduction-small-platforms=262144"
    "memorysetup-allocator-temp-initial-block-size-main=262144"
    "memorysetup-allocator-temp-initial-block-size-worker=262144"
    "memorysetup-temp-allocator-size-background-worker=32768"
    "memorysetup-temp-allocator-size-job-worker=262144"
    "memorysetup-temp-allocator-size-preload-manager=33554432"
    "memorysetup-temp-allocator-size-nav-mesh-worker=65536"
    "memorysetup-temp-allocator-size-audio-worker=65536"
    "memorysetup-temp-allocator-size-cloud-worker=32768"
    "memorysetup-temp-allocator-size-gi-baking-worker=262144"
    "memorysetup-temp-allocator-size-gi-baking-worker=262144"
    "memorysetup-temp-allocator-size-gi-baking-worker=262144"
    "memorysetup-temp-allocator-size-gi-baking-worker=262144"
    "memorysetup-temp-allocator-size-gfx=262144"
Player connection [140704653448960] Host "[IP] 10.10.43.87 [Port] 0 [Flags] 2 [Guid] 2988695386 [EditorId] 2988695386 [Version] 1048832 [Id] OSXEditor(0,Mashaylas-MacBook-Air.local) [Debug] 1 [PackageName] OSXEditor [ProjectName] Editor" joined multi-casting on [225.0.0.222:54997]...
Player connection [140704653448960] Host "[IP] 10.10.43.87 [Port] 0 [Flags] 2 [Guid] 2988695386 [EditorId] 2988695386 [Version] 1048832 [Id] OSXEditor(0,Mashaylas-MacBook-Air.local) [Debug] 1 [PackageName] OSXEditor [ProjectName] Editor" joined alternative multi-casting on [225.0.0.222:34997]...
JobSystem: Creating JobQueue using job-worker-count value 1
[Physics::Module] Initialized MultithreadedJobDispatcher with 1 workers.
Library Redirect Path: Library/
Refreshing native plugins compatible for Editor in 1.19 ms, found 2 plugins.
Preloading 0 native plugins for Editor in 0.00 ms.
Initialize engine version: 2023.2.10f1 (316c1fd686f6)
[Subsystems] Discovering subsystems at path /Applications/Unity/Hub/Editor/2023.2.10f1/Unity.app/Contents/Resources/UnitySubsystems
[Subsystems] Discovering subsystems at path /Users/mashaylab/Desktop/MyGithub/UnityGame/CSGame/Assets
GfxDevice: creating device client; kGfxThreadingModeNonThreaded
Color LCD preferred device: Intel(R) Iris(TM) Plus Graphics (low power)
Metal devices available: 1
0: Intel(R) Iris(TM) Plus Graphics (low power)
Using device Intel(R) Iris(TM) Plus Graphics (low power)
Initializing Metal device caps: Intel(R) Iris(TM) Plus Graphics
Initialize mono
Mono path[0] = '/Applications/Unity/Hub/Editor/2023.2.10f1/Unity.app/Contents/Managed'
Mono path[1] = '/Applications/Unity/Hub/Editor/2023.2.10f1/Unity.app/Contents/MonoBleedingEdge/lib/mono/unityjit-macos'
Mono config path = '/Applications/Unity/Hub/Editor/2023.2.10f1/Unity.app/Contents/MonoBleedingEdge/etc'
Using monoOptions --debugger-agent=transport=dt_socket,embedding=1,server=y,suspend=n,address=127.0.0.1:56388
Begin MonoManager ReloadAssembly
icall.c:1842:
icall.c:1842:
icall.c:1842:
icall.c:1842:
icall.c:1842:
icall.c:1842:
icall.c:1842:
icall.c:1842:
icall.c:1842:
icall.c:1842:
Registering precompiled unity dll's ...
Register platform support module: /Applications/Unity/Hub/Editor/2023.2.10f1/Unity.app/Contents/PlaybackEngines/MacStandaloneSupport/UnityEditor.OSXStandalone.Extensions.dll
Registered in 0.003492 seconds.
- Loaded All Assemblies, in  1.622 seconds
Native extension for OSXStandalone target not found
Mono: successfully reloaded assembly
icall.c:1842:
icall.c:1842:
- Finished resetting the current domain, in  1.493 seconds
Domain Reload Profiling: 3114ms
	BeginReloadAssembly (558ms)
		ExecutionOrderSort (0ms)
		DisableScriptedObjects (0ms)
		BackupInstance (0ms)
		ReleaseScriptingObjects (0ms)
		CreateAndSetChildDomain (3ms)
	RebuildCommonClasses (152ms)
	RebuildNativeTypeToScriptingClass (40ms)
	initialDomainReloadingComplete (133ms)
	LoadAllAssembliesAndSetupDomain (737ms)
		LoadAssemblies (556ms)
		RebuildTransferFunctionScriptingTraits (0ms)
		AnalyzeDomain (730ms)
			TypeCache.Refresh (725ms)
				TypeCache.ScanAssembly (682ms)
			BuildScriptInfoCaches (0ms)
			ResolveRequiredComponents (1ms)
	FinalizeReload (1494ms)
		ReleaseScriptCaches (0ms)
		RebuildScriptCaches (0ms)
		SetupLoadedEditorAssemblies (1269ms)
			LogAssemblyErrors (0ms)
			InitializePlatformSupportModulesInManaged (133ms)
			SetLoadedEditorAssemblies (50ms)
			BeforeProcessingInitializeOnLoad (32ms)
			ProcessInitializeOnLoadAttributes (882ms)
			ProcessInitializeOnLoadMethodAttributes (172ms)
			AfterProcessingInitializeOnLoad (0ms)
			EditorAssembliesLoaded (0ms)
		ExecutionOrderSort2 (0ms)
		AwakeInstancesAfterBackupRestoration (0ms)
========================================================================
Worker process is ready to serve import requests
Import Worker Mode flag is 0x00
Begin MonoManager ReloadAssembly
icall.c:1842:
icall.c:1842:
icall.c:1842:
icall.c:1842:
icall.c:1842:
icall.c:1842:
icall.c:1842:
icall.c:1842:
icall.c:1842:
icall.c:1842:
icall.c:1842:
icall.c:1842:
Symbol file LoadedFromMemory doesn't match image /Users/mashaylab/Desktop/MyGithub/UnityGame/CSGame/Library/PackageCache/com.unity.visualscripting@1.8.0/Editor/VisualScripting.Core/Dependencies/YamlDotNet/Unity.VisualScripting.YamlDotNet.dll
Symbol file LoadedFromMemory doesn't match image /Users/mashaylab/Desktop/MyGithub/UnityGame/CSGame/Library/PackageCache/com.unity.visualscripting@1.8.0/Editor/VisualScripting.Core/Dependencies/DotNetZip/Unity.VisualScripting.IonicZip.dll
- Loaded All Assemblies, in  3.194 seconds
Refreshing native plugins compatible for Editor in 0.43 ms, found 2 plugins.
Native extension for OSXStandalone target not found
Mono: successfully reloaded assembly
- Finished resetting the current domain, in  2.289 seconds
Domain Reload Profiling: 5482ms
	BeginReloadAssembly (1049ms)
		ExecutionOrderSort (0ms)
		DisableScriptedObjects (14ms)
		BackupInstance (0ms)
		ReleaseScriptingObjects (0ms)
		CreateAndSetChildDomain (146ms)
	RebuildCommonClasses (138ms)
	RebuildNativeTypeToScriptingClass (48ms)
	initialDomainReloadingComplete (100ms)
	LoadAllAssembliesAndSetupDomain (1857ms)
		LoadAssemblies (1491ms)
		RebuildTransferFunctionScriptingTraits (0ms)
		AnalyzeDomain (635ms)
			TypeCache.Refresh (558ms)
				TypeCache.ScanAssembly (516ms)
			BuildScriptInfoCaches (52ms)
			ResolveRequiredComponents (15ms)
	FinalizeReload (2290ms)
		ReleaseScriptCaches (0ms)
		RebuildScriptCaches (0ms)
		SetupLoadedEditorAssemblies (1760ms)
			LogAssemblyErrors (0ms)
			InitializePlatformSupportModulesInManaged (9ms)
			SetLoadedEditorAssemblies (13ms)
			BeforeProcessingInitializeOnLoad (80ms)
			ProcessInitializeOnLoadAttributes (1597ms)
			ProcessInitializeOnLoadMethodAttributes (57ms)
			AfterProcessingInitializeOnLoad (4ms)
			EditorAssembliesLoaded (0ms)
		ExecutionOrderSort2 (0ms)
		AwakeInstancesAfterBackupRestoration (16ms)
Launching external process: /Applications/Unity/Hub/Editor/2023.2.10f1/Unity.app/Contents/Tools/UnityShaderCompiler
Launched and connected shader compiler UnityShaderCompiler after 0.19 seconds
Refreshing native plugins compatible for Editor in 1.22 ms, found 2 plugins.
Preloading 0 native plugins for Editor in 0.00 ms.
Unloading 26 Unused Serialized files (Serialized files now loaded: 0)
Unloading 3217 unused Assets / (1.8 MB). Loaded Objects now: 3772.
Memory consumption went from 117.8 MB to 116.1 MB.
Total: 17.007604 ms (FindLiveObjects: 0.830059 ms CreateObjectMapping: 0.669201 ms MarkObjects: 12.524513 ms  DeleteObjects: 2.981633 ms)

========================================================================
Received Import Request.
  Time since last request: 131859.283479 seconds.
  path: Assets/TextMesh Pro
  artifactKey: Guid(f54d1bd14bd3ca042bd867b519fee8cc) Importer(815301076,1909f56bfc062723c751e8b465ee728b)
Start importing Assets/TextMesh Pro using Guid(f54d1bd14bd3ca042bd867b519fee8cc) Importer(815301076,1909f56bfc062723c751e8b465ee728b) (PreviewImporter) -> (artifact id: 'e9dfec2455345e805a138b72d71f1d65') in 0.012262368 seconds
Number of updated asset objects reloaded before import = 0Number of asset objects unloaded after import = 0

========================================================================
Received Import Request.
  Time since last request: 30.974971 seconds.
  path: Assets/Scene
  artifactKey: Guid(0ee859d32898c4bbba94ee65fd91e8db) Importer(815301076,1909f56bfc062723c751e8b465ee728b)
Start importing Assets/Scene using Guid(0ee859d32898c4bbba94ee65fd91e8db) Importer(815301076,1909f56bfc062723c751e8b465ee728b) (PreviewImporter) -> (artifact id: '201fbab5ffac30815461640763e167c1') in 0.001336047 seconds
Number of updated asset objects reloaded before import = 0Number of asset objects unloaded after import = 0

========================================================================
Received Import Request.
  Time since last request: 45.756514 seconds.
  path: Assets/Scene/top level map.unity
  artifactKey: Guid(e87c03a71e68849f3807666d3578fec4) Importer(815301076,1909f56bfc062723c751e8b465ee728b)
Start importing Assets/Scene/top level map.unity using Guid(e87c03a71e68849f3807666d3578fec4) Importer(815301076,1909f56bfc062723c751e8b465ee728b) (PreviewImporter) -> (artifact id: '108e5c9a873d18a14386af2588cc8d60') in 0.001947416 seconds
Number of updated asset objects reloaded before import = 0Number of asset objects unloaded after import = 0

========================================================================
Received Import Request.
  Time since last request: 15.826865 seconds.
  path: Assets/TextMesh Pro/Examples & Extras/Resources/Fonts & Materials/Anton SDF - Drop Shadow.mat
  artifactKey: Guid(749b9069dc4742c5bfa5c74644049926) Importer(815301076,1909f56bfc062723c751e8b465ee728b)
Start importing Assets/TextMesh Pro/Examples & Extras/Resources/Fonts & Materials/Anton SDF - Drop Shadow.mat using Guid(749b9069dc4742c5bfa5c74644049926) Importer(815301076,1909f56bfc062723c751e8b465ee728b) (PreviewImporter) -> (artifact id: 'e906185702beaf71501947fec4dde062') in 1.16914202 seconds
Number of updated asset objects reloaded before import = 0Number of asset objects unloaded after import = 2

========================================================================
Received Import Request.
  Time since last request: 0.000098 seconds.
  path: Assets/Prefabs/Inventory/3D Model/lowPoly_arms_SubMachineGun2.fbx
  artifactKey: Guid(66046c157f7df7148a4550e9b409d17c) Importer(815301076,1909f56bfc062723c751e8b465ee728b)
Start importing Assets/Prefabs/Inventory/3D Model/lowPoly_arms_SubMachineGun2.fbx using Guid(66046c157f7df7148a4550e9b409d17c) Importer(815301076,1909f56bfc062723c751e8b465ee728b) (PreviewImporter) -> (artifact id: '339f7757f566c189026cc70d98e8c350') in 0.513322425 seconds
Number of updated asset objects reloaded before import = 0Number of asset objects unloaded after import = 49

========================================================================
Received Import Request.
  Time since last request: 0.000208 seconds.
  path: Assets/Prefabs/Inventory/3D Model/lowPoly_arms_SubMachineGun.fbx
  artifactKey: Guid(84088e7b1c19491428d99debb50cb4a0) Importer(815301076,1909f56bfc062723c751e8b465ee728b)
Start importing Assets/Prefabs/Inventory/3D Model/lowPoly_arms_SubMachineGun.fbx using Guid(84088e7b1c19491428d99debb50cb4a0) Importer(815301076,1909f56bfc062723c751e8b465ee728b) (PreviewImporter) -> (artifact id: '3474e2086188bdcd14f48af0b1febd1a') in 0.166046758 seconds
Number of updated asset objects reloaded before import = 0Number of asset objects unloaded after import = 44

========================================================================
Received Import Request.
  Time since last request: 0.000126 seconds.
  path: Assets/Prefabs/Inventory/Materials/Archemy Box.mat
  artifactKey: Guid(27d5bd35c6b02fb4abf9383344aebfaf) Importer(815301076,1909f56bfc062723c751e8b465ee728b)
Start importing Assets/Prefabs/Inventory/Materials/Archemy Box.mat using Guid(27d5bd35c6b02fb4abf9383344aebfaf) Importer(815301076,1909f56bfc062723c751e8b465ee728b) (PreviewImporter) -> (artifact id: '8bcd00b7994d73040c9ace1556ce64a4') in 0.011632012 seconds
Number of updated asset objects reloaded before import = 0Number of asset objects unloaded after import = 1

========================================================================
Received Import Request.
  Time since last request: 0.000143 seconds.
  path: Assets/Prefabs/Inventory/3D Model/Axe.fbx
  artifactKey: Guid(71cf42c5e84c6a8459728a37a22a0e24) Importer(815301076,1909f56bfc062723c751e8b465ee728b)
Start importing Assets/Prefabs/Inventory/3D Model/Axe.fbx using Guid(71cf42c5e84c6a8459728a37a22a0e24) Importer(815301076,1909f56bfc062723c751e8b465ee728b) (PreviewImporter) -> (artifact id: '14dffc48844acd29d1672d92971c7260') in 0.11374188 seconds
Number of updated asset objects reloaded before import = 0Number of asset objects unloaded after import = 10

========================================================================
Received Import Request.
  Time since last request: 46.812834 seconds.
  path: Assets/Scene/Materials
  artifactKey: Guid(f553a0efa584e4f5bbc090de5e56f7bf) Importer(815301076,1909f56bfc062723c751e8b465ee728b)
Start importing Assets/Scene/Materials using Guid(f553a0efa584e4f5bbc090de5e56f7bf) Importer(815301076,1909f56bfc062723c751e8b465ee728b) (PreviewImporter) -> (artifact id: '441dcb807e40fe5ae9c42df7ed3a6702') in 0.001281528 seconds
Number of updated asset objects reloaded before import = 0Number of asset objects unloaded after import = 0

========================================================================
Received Import Request.
  Time since last request: 54.491104 seconds.
  path: Assets/Scene/Materials/rubber_tiles_diff_4k.jpg
  artifactKey: Guid(1defd256fae5b49c98c18235454a7769) Importer(815301076,1909f56bfc062723c751e8b465ee728b)
Start importing Assets/Scene/Materials/rubber_tiles_diff_4k.jpg using Guid(1defd256fae5b49c98c18235454a7769) Importer(815301076,1909f56bfc062723c751e8b465ee728b) (PreviewImporter) -> (artifact id: 'fdfc0afcdf34d0bca17c29c97c17bb83') in 0.04688409 seconds
Number of updated asset objects reloaded before import = 0Number of asset objects unloaded after import = 2

========================================================================
Received Import Request.
  Time since last request: 0.000417 seconds.
  path: Assets/Scene/Materials/rubber_tiles_nor_gl_4k.exr
  artifactKey: Guid(4866c89ab322b483186c52d3a3bcc51d) Importer(815301076,1909f56bfc062723c751e8b465ee728b)
Start importing Assets/Scene/Materials/rubber_tiles_nor_gl_4k.exr using Guid(4866c89ab322b483186c52d3a3bcc51d) Importer(815301076,1909f56bfc062723c751e8b465ee728b) (PreviewImporter) -> (artifact id: '166970b6c1533d4902ba5123f87a5d86') in 0.047854523 seconds
Number of updated asset objects reloaded before import = 0Number of asset objects unloaded after import = 2

========================================================================
Received Import Request.
  Time since last request: 0.000361 seconds.
  path: Assets/Scene/Materials/rubber_tiles_rough_4k.exr
  artifactKey: Guid(1375d3e67864043d3a6bfd15659d173c) Importer(815301076,1909f56bfc062723c751e8b465ee728b)
Start importing Assets/Scene/Materials/rubber_tiles_rough_4k.exr using Guid(1375d3e67864043d3a6bfd15659d173c) Importer(815301076,1909f56bfc062723c751e8b465ee728b) (PreviewImporter) -> (artifact id: '42ec8c41e7bc893b54568fab68939232') in 0.018497517 seconds
Number of updated asset objects reloaded before import = 0Number of asset objects unloaded after import = 2

========================================================================
Received Import Request.
  Time since last request: 71.124494 seconds.
  path: Assets/Scene/Materials/Materials
  artifactKey: Guid(c931483b1910d472fa1549bcfb71ac88) Importer(815301076,1909f56bfc062723c751e8b465ee728b)
Start importing Assets/Scene/Materials/Materials using Guid(c931483b1910d472fa1549bcfb71ac88) Importer(815301076,1909f56bfc062723c751e8b465ee728b) (PreviewImporter) -> (artifact id: 'fcc95b9df0dd5e14b6fe41da554414b3') in 0.001298445 seconds
Number of updated asset objects reloaded before import = 0Number of asset objects unloaded after import = 0

========================================================================
Received Prepare
Begin MonoManager ReloadAssembly
icall.c:1842:
icall.c:1842:
icall.c:1842:
icall.c:1842:
icall.c:1842:
icall.c:1842:
icall.c:1842:
icall.c:1842:
icall.c:1842:
icall.c:1842:
icall.c:1842:
icall.c:1842:
Symbol file LoadedFromMemory doesn't match image /Users/mashaylab/Desktop/MyGithub/UnityGame/CSGame/Library/PackageCache/com.unity.visualscripting@1.8.0/Editor/VisualScripting.Core/Dependencies/YamlDotNet/Unity.VisualScripting.YamlDotNet.dll
Symbol file LoadedFromMemory doesn't match image /Users/mashaylab/Desktop/MyGithub/UnityGame/CSGame/Library/PackageCache/com.unity.visualscripting@1.8.0/Editor/VisualScripting.Core/Dependencies/DotNetZip/Unity.VisualScripting.IonicZip.dll
- Loaded All Assemblies, in  1.852 seconds
Refreshing native plugins compatible for Editor in 1.06 ms, found 2 plugins.
Native extension for OSXStandalone target not found
Mono: successfully reloaded assembly
- Finished resetting the current domain, in  2.880 seconds
Domain Reload Profiling: 4737ms
	BeginReloadAssembly (491ms)
		ExecutionOrderSort (0ms)
		DisableScriptedObjects (12ms)
		BackupInstance (0ms)
		ReleaseScriptingObjects (0ms)
		CreateAndSetChildDomain (227ms)
	RebuildCommonClasses (145ms)
	RebuildNativeTypeToScriptingClass (48ms)
	initialDomainReloadingComplete (70ms)
	LoadAllAssembliesAndSetupDomain (1100ms)
		LoadAssemblies (780ms)
		RebuildTransferFunctionScriptingTraits (0ms)
		AnalyzeDomain (487ms)
			TypeCache.Refresh (33ms)
				TypeCache.ScanAssembly (0ms)
			BuildScriptInfoCaches (433ms)
			ResolveRequiredComponents (10ms)
	FinalizeReload (2883ms)
		ReleaseScriptCaches (0ms)
		RebuildScriptCaches (0ms)
		SetupLoadedEditorAssemblies (2134ms)
			LogAssemblyErrors (0ms)
			InitializePlatformSupportModulesInManaged (10ms)
			SetLoadedEditorAssemblies (13ms)
			BeforeProcessingInitializeOnLoad (134ms)
			ProcessInitializeOnLoadAttributes (1893ms)
			ProcessInitializeOnLoadMethodAttributes (79ms)
			AfterProcessingInitializeOnLoad (4ms)
			EditorAssembliesLoaded (0ms)
		ExecutionOrderSort2 (0ms)
		AwakeInstancesAfterBackupRestoration (21ms)
Refreshing native plugins compatible for Editor in 0.81 ms, found 2 plugins.
Preloading 0 native plugins for Editor in 0.00 ms.
Unloading 3 Unused Serialized files (Serialized files now loaded: 0)
Unloading 3215 unused Assets / (1.2 MB). Loaded Objects now: 3820.
Memory consumption went from 135.7 MB to 134.5 MB.
Total: 14.385679 ms (FindLiveObjects: 0.910538 ms CreateObjectMapping: 0.688533 ms MarkObjects: 9.804107 ms  DeleteObjects: 2.979249 ms)

Prepare: number of updated asset objects reloaded= 0
========================================================================
Received Import Request.
  Time since last request: 217.063814 seconds.
  path: Assets/Prefabs/Player
  artifactKey: Guid(ae99a566e6bad7747ac6f0f81d728ad0) Importer(815301076,1909f56bfc062723c751e8b465ee728b)
Start importing Assets/Prefabs/Player using Guid(ae99a566e6bad7747ac6f0f81d728ad0) Importer(815301076,1909f56bfc062723c751e8b465ee728b) (PreviewImporter) -> (artifact id: '42e5c111c089486a55e39fbeb3424e85') in 0.004149787 seconds
Number of updated asset objects reloaded before import = 0Number of asset objects unloaded after import = 0

========================================================================
Received Import Request.
  Time since last request: 0.067421 seconds.
  path: Assets/Prefabs/Player/Ch02_nonPBR.fbx
  artifactKey: Guid(12b4dc26d5fd2f548b0a1d475914b912) Importer(815301076,1909f56bfc062723c751e8b465ee728b)
Start importing Assets/Prefabs/Player/Ch02_nonPBR.fbx using Guid(12b4dc26d5fd2f548b0a1d475914b912) Importer(815301076,1909f56bfc062723c751e8b465ee728b) (PreviewImporter) -> (artifact id: '26431c53fdefc02e2a38a48699d097de') in 0.98137992 seconds
Number of updated asset objects reloaded before import = 0Number of asset objects unloaded after import = 168

========================================================================
Received Import Request.
  Time since last request: 23.193466 seconds.
  path: Assets/Prefabs/Player/Textures/Ch02_1001_Diffuse.png
  artifactKey: Guid(2762b6606ec335842bdd01781fb0e9c1) Importer(815301076,1909f56bfc062723c751e8b465ee728b)
Start importing Assets/Prefabs/Player/Textures/Ch02_1001_Diffuse.png using Guid(2762b6606ec335842bdd01781fb0e9c1) Importer(815301076,1909f56bfc062723c751e8b465ee728b) (PreviewImporter) -> (artifact id: '78ba2a33d092460ae9c6edba95ade493') in 0.045159542 seconds
Number of updated asset objects reloaded before import = 0Number of asset objects unloaded after import = 2

========================================================================
Received Import Request.
  Time since last request: 0.002620 seconds.
  path: Assets/Prefabs/Player/Textures/Ch02_1002_Diffuse.png
  artifactKey: Guid(84fba7a7677f5744aabe8e0754fc601b) Importer(815301076,1909f56bfc062723c751e8b465ee728b)
Start importing Assets/Prefabs/Player/Textures/Ch02_1002_Diffuse.png using Guid(84fba7a7677f5744aabe8e0754fc601b) Importer(815301076,1909f56bfc062723c751e8b465ee728b) (PreviewImporter) -> (artifact id: '0daa26f52b07e3678a8790ee061a62b2') in 0.018928539 seconds
Number of updated asset objects reloaded before import = 0Number of asset objects unloaded after import = 2

========================================================================
Received Import Request.
  Time since last request: 0.007612 seconds.
  path: Assets/Prefabs/Player/Textures/Ch02_1002_Normal.png
  artifactKey: Guid(d0f27724f418c35419dcb8d1dcb181fa) Importer(815301076,1909f56bfc062723c751e8b465ee728b)
Start importing Assets/Prefabs/Player/Textures/Ch02_1002_Normal.png using Guid(d0f27724f418c35419dcb8d1dcb181fa) Importer(815301076,1909f56bfc062723c751e8b465ee728b) (PreviewImporter) -> (artifact id: 'b9c6c9ac43374e1098068885e36998ae') in 0.258762952 seconds
Number of updated asset objects reloaded before import = 0Number of asset objects unloaded after import = 2

========================================================================
Received Import Request.
  Time since last request: 2.463539 seconds.
  path: Assets/Prefabs/Weapons/Fire Extinguisher/Extinghuihser_Base_Color.png
  artifactKey: Guid(529d3db5d4b099f459b7e9f9f8635805) Importer(815301076,1909f56bfc062723c751e8b465ee728b)
Start importing Assets/Prefabs/Weapons/Fire Extinguisher/Extinghuihser_Base_Color.png using Guid(529d3db5d4b099f459b7e9f9f8635805) Importer(815301076,1909f56bfc062723c751e8b465ee728b) (PreviewImporter) -> (artifact id: 'd515e8e46cd8ecd1832e044a48048f05') in 0.016841386 seconds
Number of updated asset objects reloaded before import = 0Number of asset objects unloaded after import = 2

========================================================================
Received Import Request.
  Time since last request: 0.007020 seconds.
  path: Assets/Prefabs/Weapons/Fire Extinguisher/Extinghuihser_Roughness.png
  artifactKey: Guid(7d644747c43c58e4b940399a593a4a07) Importer(815301076,1909f56bfc062723c751e8b465ee728b)
Start importing Assets/Prefabs/Weapons/Fire Extinguisher/Extinghuihser_Roughness.png using Guid(7d644747c43c58e4b940399a593a4a07) Importer(815301076,1909f56bfc062723c751e8b465ee728b) (PreviewImporter) -> (artifact id: '1b345afdd8d793b7323652d9a019e3f2') in 0.014113443 seconds
Number of updated asset objects reloaded before import = 0Number of asset objects unloaded after import = 2

========================================================================
Received Import Request.
  Time since last request: 0.002859 seconds.
  path: Assets/Prefabs/Weapons/Fire Extinguisher/Meter_Height.png
  artifactKey: Guid(2b011efc720d53a4bbe2febb07c1d740) Importer(815301076,1909f56bfc062723c751e8b465ee728b)
Start importing Assets/Prefabs/Weapons/Fire Extinguisher/Meter_Height.png using Guid(2b011efc720d53a4bbe2febb07c1d740) Importer(815301076,1909f56bfc062723c751e8b465ee728b) (PreviewImporter) -> (artifact id: '32896632ede570e97b4c70fbd0f4d8a1') in 0.014014672 seconds
Number of updated asset objects reloaded before import = 0Number of asset objects unloaded after import = 2

========================================================================
Received Import Request.
  Time since last request: 0.001466 seconds.
  path: Assets/Prefabs/Weapons/Fire Extinguisher/Meter_Normal.png
  artifactKey: Guid(3510f153ce6f30b41ac4d4cc4902b7ad) Importer(815301076,1909f56bfc062723c751e8b465ee728b)
Start importing Assets/Prefabs/Weapons/Fire Extinguisher/Meter_Normal.png using Guid(3510f153ce6f30b41ac4d4cc4902b7ad) Importer(815301076,1909f56bfc062723c751e8b465ee728b) (PreviewImporter) -> (artifact id: '62ec9b206b151be1e23fde1a41cf17c3') in 0.017287861 seconds
Number of updated asset objects reloaded before import = 0Number of asset objects unloaded after import = 2

========================================================================
Received Import Request.
  Time since last request: 0.024947 seconds.
  path: Assets/Prefabs/Weapons/Fire Extinguisher/Meter_Normal_DirectX.png
  artifactKey: Guid(14f3386542c16314ba564c71eb405f88) Importer(815301076,1909f56bfc062723c751e8b465ee728b)
Start importing Assets/Prefabs/Weapons/Fire Extinguisher/Meter_Normal_DirectX.png using Guid(14f3386542c16314ba564c71eb405f88) Importer(815301076,1909f56bfc062723c751e8b465ee728b) (PreviewImporter) -> (artifact id: '8a696ac11e76f1f5bdbd955cb58ed3bb') in 0.013331094 seconds
Number of updated asset objects reloaded before import = 0Number of asset objects unloaded after import = 2

========================================================================
Received Import Request.
  Time since last request: 0.007159 seconds.
  path: Assets/Prefabs/Weapons/Fire Extinguisher/Pipe Holder_Metallic.png
  artifactKey: Guid(5c232bac00312ef478dcaaa36c32a462) Importer(815301076,1909f56bfc062723c751e8b465ee728b)
Start importing Assets/Prefabs/Weapons/Fire Extinguisher/Pipe Holder_Metallic.png using Guid(5c232bac00312ef478dcaaa36c32a462) Importer(815301076,1909f56bfc062723c751e8b465ee728b) (PreviewImporter) -> (artifact id: '71635b99faa0b26829e09e8fc67c565d') in 0.013553423 seconds
Number of updated asset objects reloaded before import = 0Number of asset objects unloaded after import = 2

========================================================================
Received Import Request.
  Time since last request: 0.001846 seconds.
  path: Assets/Prefabs/Weapons/Fire Extinguisher/Pipe Holder_Mixed_AO.png
  artifactKey: Guid(184a6c49973c4de44888b59c46707e99) Importer(815301076,1909f56bfc062723c751e8b465ee728b)
Start importing Assets/Prefabs/Weapons/Fire Extinguisher/Pipe Holder_Mixed_AO.png using Guid(184a6c49973c4de44888b59c46707e99) Importer(815301076,1909f56bfc062723c751e8b465ee728b) (PreviewImporter) -> (artifact id: '270fd0ecc0f7bd3e00999219e6117ce0') in 0.012995482 seconds
Number of updated asset objects reloaded before import = 0Number of asset objects unloaded after import = 2

========================================================================
Received Import Request.
  Time since last request: 0.001917 seconds.
  path: Assets/Prefabs/Weapons/Fire Extinguisher/Presser_Base_Color.png
  artifactKey: Guid(85b8b960b28546f41b8c98a5f7511dfd) Importer(815301076,1909f56bfc062723c751e8b465ee728b)
Start importing Assets/Prefabs/Weapons/Fire Extinguisher/Presser_Base_Color.png using Guid(85b8b960b28546f41b8c98a5f7511dfd) Importer(815301076,1909f56bfc062723c751e8b465ee728b) (PreviewImporter) -> (artifact id: '453953a1e27a54897cbaf859c17ac761') in 0.013984173 seconds
Number of updated asset objects reloaded before import = 0Number of asset objects unloaded after import = 2

========================================================================
Received Import Request.
  Time since last request: 0.000789 seconds.
  path: Assets/Prefabs/Weapons/Fire Extinguisher/Presser_Normal.png
  artifactKey: Guid(d2709838a6b48f146a59536451975f08) Importer(815301076,1909f56bfc062723c751e8b465ee728b)
Start importing Assets/Prefabs/Weapons/Fire Extinguisher/Presser_Normal.png using Guid(d2709838a6b48f146a59536451975f08) Importer(815301076,1909f56bfc062723c751e8b465ee728b) (PreviewImporter) -> (artifact id: '43daed99aa5758995628d7297c068f66') in 0.016255405 seconds
Number of updated asset objects reloaded before import = 0Number of asset objects unloaded after import = 2

========================================================================
Received Import Request.
  Time since last request: 0.014131 seconds.
  path: Assets/Prefabs/Weapons/Fire Extinguisher/Presser_Roughness.png
  artifactKey: Guid(a66ec8dc6673c5c46ac33452d4b9e5ee) Importer(815301076,1909f56bfc062723c751e8b465ee728b)
Start importing Assets/Prefabs/Weapons/Fire Extinguisher/Presser_Roughness.png using Guid(a66ec8dc6673c5c46ac33452d4b9e5ee) Importer(815301076,1909f56bfc062723c751e8b465ee728b) (PreviewImporter) -> (artifact id: 'e742707fa3ed79070d58dc761a818520') in 0.089911339 seconds
Number of updated asset objects reloaded before import = 0Number of asset objects unloaded after import = 2

========================================================================
Received Import Request.
  Time since last request: 0.001370 seconds.
  path: Assets/Prefabs/Weapons/Fire Extinguisher/Presser_Metallic.png
  artifactKey: Guid(07d2b719ed72d634e80027497039acc1) Importer(815301076,1909f56bfc062723c751e8b465ee728b)
Start importing Assets/Prefabs/Weapons/Fire Extinguisher/Presser_Metallic.png using Guid(07d2b719ed72d634e80027497039acc1) Importer(815301076,1909f56bfc062723c751e8b465ee728b) (PreviewImporter) -> (artifact id: '32af1b96ce0428e3cd8c66f6be06d417') in 0.023047123 seconds
Number of updated asset objects reloaded before import = 0Number of asset objects unloaded after import = 2

========================================================================
Received Import Request.
  Time since last request: 0.000311 seconds.
  path: Assets/Prefabs/Weapons/Fire Extinguisher/Meter_Mixed_AO.png
  artifactKey: Guid(b021259b63800434d9f1180f7d8caa43) Importer(815301076,1909f56bfc062723c751e8b465ee728b)
Start importing Assets/Prefabs/Weapons/Fire Extinguisher/Meter_Mixed_AO.png using Guid(b021259b63800434d9f1180f7d8caa43) Importer(815301076,1909f56bfc062723c751e8b465ee728b) (PreviewImporter) -> (artifact id: '747a472932f1cf37341e2f6b456cd3f0') in 0.052764271 seconds
Number of updated asset objects reloaded before import = 0Number of asset objects unloaded after import = 2

========================================================================
Received Import Request.
  Time since last request: 0.024096 seconds.
  path: Assets/Prefabs/Weapons/Fire Extinguisher/Pipe Holder_Height.png
  artifactKey: Guid(0c51bd818ea310d46baa0bbe6b3207e9) Importer(815301076,1909f56bfc062723c751e8b465ee728b)
Start importing Assets/Prefabs/Weapons/Fire Extinguisher/Pipe Holder_Height.png using Guid(0c51bd818ea310d46baa0bbe6b3207e9) Importer(815301076,1909f56bfc062723c751e8b465ee728b) (PreviewImporter) -> (artifact id: '7cd228fd89f386c4e4eabdc54107f0a8') in 0.027934859 seconds
Number of updated asset objects reloaded before import = 0Number of asset objects unloaded after import = 2

========================================================================
Received Import Request.
  Time since last request: 0.003770 seconds.
  path: Assets/Prefabs/Weapons/Fire Extinguisher/Pipe Holder_Roughness.png
  artifactKey: Guid(886f0f8c80ebdac4b9a046488e347c92) Importer(815301076,1909f56bfc062723c751e8b465ee728b)
Start importing Assets/Prefabs/Weapons/Fire Extinguisher/Pipe Holder_Roughness.png using Guid(886f0f8c80ebdac4b9a046488e347c92) Importer(815301076,1909f56bfc062723c751e8b465ee728b) (PreviewImporter) -> (artifact id: '9c3435225a59e217e2d1c03a1dabbe3a') in 0.017299401 seconds
Number of updated asset objects reloaded before import = 0Number of asset objects unloaded after import = 2

========================================================================
Received Import Request.
  Time since last request: 0.028553 seconds.
  path: Assets/Prefabs/Weapons/Fire Extinguisher/Steel Part.001_Height.png
  artifactKey: Guid(f74a520870fd9884c8a77b3ce4644652) Importer(815301076,1909f56bfc062723c751e8b465ee728b)
Start importing Assets/Prefabs/Weapons/Fire Extinguisher/Steel Part.001_Height.png using Guid(f74a520870fd9884c8a77b3ce4644652) Importer(815301076,1909f56bfc062723c751e8b465ee728b) (PreviewImporter) -> (artifact id: '2f73886755698ae748c59a7dc5e6b8cb') in 0.062809308 seconds
Number of updated asset objects reloaded before import = 0Number of asset objects unloaded after import = 2

========================================================================
Received Import Request.
  Time since last request: 1.012983 seconds.
  path: Assets/Prefabs/Weapons/Fire Extinguisher/Steel Part.001_Metallic.png
  artifactKey: Guid(d65a67201c529a3439a1a112707c283a) Importer(815301076,1909f56bfc062723c751e8b465ee728b)
Start importing Assets/Prefabs/Weapons/Fire Extinguisher/Steel Part.001_Metallic.png using Guid(d65a67201c529a3439a1a112707c283a) Importer(815301076,1909f56bfc062723c751e8b465ee728b) (PreviewImporter) -> (artifact id: '83cfa84342beaa531a50a356d03991e2') in 0.020306252 seconds
Number of updated asset objects reloaded before import = 0Number of asset objects unloaded after import = 2

========================================================================
Received Import Request.
  Time since last request: 0.000218 seconds.
  path: Assets/Prefabs/Weapons/Fire Extinguisher/Steel Part.001_Roughness.png
  artifactKey: Guid(da9d2c95b82e9a2449ab2313b719c1ce) Importer(815301076,1909f56bfc062723c751e8b465ee728b)
Start importing Assets/Prefabs/Weapons/Fire Extinguisher/Steel Part.001_Roughness.png using Guid(da9d2c95b82e9a2449ab2313b719c1ce) Importer(815301076,1909f56bfc062723c751e8b465ee728b) (PreviewImporter) -> (artifact id: 'fd26e62a3c7f2d10b30e47960c744aba') in 0.014953882 seconds
Number of updated asset objects reloaded before import = 0Number of asset objects unloaded after import = 2

========================================================================
Received Import Request.
  Time since last request: 0.000380 seconds.
  path: Assets/Prefabs/Weapons/Fire Extinguisher/Steel Part.001_Normal_DirectX.png
  artifactKey: Guid(17a6a1ef3b14ebd4cb72e5728f1dbbcf) Importer(815301076,1909f56bfc062723c751e8b465ee728b)
Start importing Assets/Prefabs/Weapons/Fire Extinguisher/Steel Part.001_Normal_DirectX.png using Guid(17a6a1ef3b14ebd4cb72e5728f1dbbcf) Importer(815301076,1909f56bfc062723c751e8b465ee728b) (PreviewImporter) -> (artifact id: '618edee76835805b9a92f93f6d211e12') in 0.013470559 seconds
Number of updated asset objects reloaded before import = 0Number of asset objects unloaded after import = 2

========================================================================
Received Import Request.
  Time since last request: 0.000175 seconds.
  path: Assets/Prefabs/Weapons/Fire Extinguisher/Steel Part_Metallic.png
  artifactKey: Guid(7b4c135ebf47d444eacfc3d093ebfb9b) Importer(815301076,1909f56bfc062723c751e8b465ee728b)
Start importing Assets/Prefabs/Weapons/Fire Extinguisher/Steel Part_Metallic.png using Guid(7b4c135ebf47d444eacfc3d093ebfb9b) Importer(815301076,1909f56bfc062723c751e8b465ee728b) (PreviewImporter) -> (artifact id: '75d802a27f8eed62450da1d9423ebd79') in 0.016095889 seconds
Number of updated asset objects reloaded before import = 0Number of asset objects unloaded after import = 2

========================================================================
Received Import Request.
  Time since last request: 0.006241 seconds.
  path: Assets/Prefabs/Weapons/Fire Extinguisher/Steel Part_Base_Color.png
  artifactKey: Guid(70523d13d1e4d814ebda4d6ea2adc5da) Importer(815301076,1909f56bfc062723c751e8b465ee728b)
Start importing Assets/Prefabs/Weapons/Fire Extinguisher/Steel Part_Base_Color.png using Guid(70523d13d1e4d814ebda4d6ea2adc5da) Importer(815301076,1909f56bfc062723c751e8b465ee728b) (PreviewImporter) -> (artifact id: '1ddefcee5f98c6715c790a50cb3c07d9') in 0.026549393 seconds
Number of updated asset objects reloaded before import = 0Number of asset objects unloaded after import = 2

========================================================================
Received Import Request.
  Time since last request: 0.447511 seconds.
  path: Assets/Prefabs/Weapons/Fire Extinguisher/Steel Part_Normal_DirectX.png
  artifactKey: Guid(f75695118417475409ec5fe9287cc935) Importer(815301076,1909f56bfc062723c751e8b465ee728b)
Start importing Assets/Prefabs/Weapons/Fire Extinguisher/Steel Part_Normal_DirectX.png using Guid(f75695118417475409ec5fe9287cc935) Importer(815301076,1909f56bfc062723c751e8b465ee728b) (PreviewImporter) -> (artifact id: 'b4ac6dd1a20969017fb952f7c60ed698') in 0.018790123 seconds
Number of updated asset objects reloaded before import = 0Number of asset objects unloaded after import = 2

========================================================================
Received Import Request.
  Time since last request: 8.747779 seconds.
  path: Assets/Scripts/Player/Animations/Ch11_nonPBR@Stabbing.fbx
  artifactKey: Guid(accadbd149a97a64a9313e67ab52b915) Importer(815301076,1909f56bfc062723c751e8b465ee728b)
Start importing Assets/Scripts/Player/Animations/Ch11_nonPBR@Stabbing.fbx using Guid(accadbd149a97a64a9313e67ab52b915) Importer(815301076,1909f56bfc062723c751e8b465ee728b) (PreviewImporter) -> (artifact id: '3c5adcd1561d560e5f83637966148282') in 0.014082978 seconds
Number of updated asset objects reloaded before import = 0Number of asset objects unloaded after import = 135

========================================================================
Received Import Request.
  Time since last request: 4.375654 seconds.
  path: Assets/Prefabs/Weapons/Fire Extinguisher.fbx
  artifactKey: Guid(c3e092d5a5cf91443905005e56024ab9) Importer(815301076,1909f56bfc062723c751e8b465ee728b)
Start importing Assets/Prefabs/Weapons/Fire Extinguisher.fbx using Guid(c3e092d5a5cf91443905005e56024ab9) Importer(815301076,1909f56bfc062723c751e8b465ee728b) (PreviewImporter) -> (artifact id: '2020946ca75bc8abcb192962bb155480') in 0.539894638 seconds
Number of updated asset objects reloaded before import = 0Number of asset objects unloaded after import = 52

========================================================================
Received Prepare
Begin MonoManager ReloadAssembly
icall.c:1842:
icall.c:1842:
icall.c:1842:
icall.c:1842:
icall.c:1842:
icall.c:1842:
icall.c:1842:
icall.c:1842:
icall.c:1842:
icall.c:1842:
icall.c:1842:
icall.c:1842:
Symbol file LoadedFromMemory doesn't match image /Users/mashaylab/Desktop/MyGithub/UnityGame/CSGame/Library/PackageCache/com.unity.visualscripting@1.8.0/Editor/VisualScripting.Core/Dependencies/YamlDotNet/Unity.VisualScripting.YamlDotNet.dll
Symbol file LoadedFromMemory doesn't match image /Users/mashaylab/Desktop/MyGithub/UnityGame/CSGame/Library/PackageCache/com.unity.visualscripting@1.8.0/Editor/VisualScripting.Core/Dependencies/DotNetZip/Unity.VisualScripting.IonicZip.dll
- Loaded All Assemblies, in  1.554 seconds
Refreshing native plugins compatible for Editor in 1.46 ms, found 2 plugins.
Native extension for OSXStandalone target not found
Mono: successfully reloaded assembly
- Finished resetting the current domain, in  2.709 seconds
Domain Reload Profiling: 4265ms
	BeginReloadAssembly (482ms)
		ExecutionOrderSort (0ms)
		DisableScriptedObjects (18ms)
		BackupInstance (0ms)
		ReleaseScriptingObjects (1ms)
		CreateAndSetChildDomain (203ms)
	RebuildCommonClasses (114ms)
	RebuildNativeTypeToScriptingClass (33ms)
	initialDomainReloadingComplete (79ms)
	LoadAllAssembliesAndSetupDomain (847ms)
		LoadAssemblies (628ms)
		RebuildTransferFunctionScriptingTraits (0ms)
		AnalyzeDomain (398ms)
			TypeCache.Refresh (11ms)
				TypeCache.ScanAssembly (0ms)
			BuildScriptInfoCaches (360ms)
			ResolveRequiredComponents (15ms)
	FinalizeReload (2710ms)
		ReleaseScriptCaches (0ms)
		RebuildScriptCaches (0ms)
		SetupLoadedEditorAssemblies (2008ms)
			LogAssemblyErrors (0ms)
			InitializePlatformSupportModulesInManaged (11ms)
			SetLoadedEditorAssemblies (17ms)
			BeforeProcessingInitializeOnLoad (138ms)
			ProcessInitializeOnLoadAttributes (1765ms)
			ProcessInitializeOnLoadMethodAttributes (73ms)
			AfterProcessingInitializeOnLoad (4ms)
			EditorAssembliesLoaded (1ms)
		ExecutionOrderSort2 (0ms)
		AwakeInstancesAfterBackupRestoration (25ms)
Refreshing native plugins compatible for Editor in 1.64 ms, found 2 plugins.
Preloading 0 native plugins for Editor in 0.00 ms.
Unloading 3 Unused Serialized files (Serialized files now loaded: 0)
Unloading 3215 unused Assets / (1.7 MB). Loaded Objects now: 3822.
Memory consumption went from 137.4 MB to 135.7 MB.
Total: 13.702882 ms (FindLiveObjects: 0.732271 ms CreateObjectMapping: 1.208746 ms MarkObjects: 9.714630 ms  DeleteObjects: 2.044954 ms)

Prepare: number of updated asset objects reloaded= 0
========================================================================
Received Prepare
Begin MonoManager ReloadAssembly
icall.c:1842:
icall.c:1842:
icall.c:1842:
icall.c:1842:
icall.c:1842:
icall.c:1842:
icall.c:1842:
icall.c:1842:
icall.c:1842:
icall.c:1842:
icall.c:1842:
icall.c:1842:
Symbol file LoadedFromMemory doesn't match image /Users/mashaylab/Desktop/MyGithub/UnityGame/CSGame/Library/PackageCache/com.unity.visualscripting@1.8.0/Editor/VisualScripting.Core/Dependencies/YamlDotNet/Unity.VisualScripting.YamlDotNet.dll
Symbol file LoadedFromMemory doesn't match image /Users/mashaylab/Desktop/MyGithub/UnityGame/CSGame/Library/PackageCache/com.unity.visualscripting@1.8.0/Editor/VisualScripting.Core/Dependencies/DotNetZip/Unity.VisualScripting.IonicZip.dll
- Loaded All Assemblies, in  1.507 seconds
Refreshing native plugins compatible for Editor in 0.66 ms, found 2 plugins.
Native extension for OSXStandalone target not found
Mono: successfully reloaded assembly
- Finished resetting the current domain, in  2.598 seconds
Domain Reload Profiling: 4108ms
	BeginReloadAssembly (351ms)
		ExecutionOrderSort (0ms)
		DisableScriptedObjects (12ms)
		BackupInstance (0ms)
		ReleaseScriptingObjects (0ms)
		CreateAndSetChildDomain (147ms)
	RebuildCommonClasses (142ms)
	RebuildNativeTypeToScriptingClass (39ms)
	initialDomainReloadingComplete (56ms)
	LoadAllAssembliesAndSetupDomain (922ms)
		LoadAssemblies (625ms)
		RebuildTransferFunctionScriptingTraits (0ms)
		AnalyzeDomain (427ms)
			TypeCache.Refresh (14ms)
				TypeCache.ScanAssembly (0ms)
			BuildScriptInfoCaches (389ms)
			ResolveRequiredComponents (12ms)
	FinalizeReload (2599ms)
		ReleaseScriptCaches (0ms)
		RebuildScriptCaches (0ms)
		SetupLoadedEditorAssemblies (1964ms)
			LogAssemblyErrors (0ms)
			InitializePlatformSupportModulesInManaged (7ms)
			SetLoadedEditorAssemblies (15ms)
			BeforeProcessingInitializeOnLoad (120ms)
			ProcessInitializeOnLoadAttributes (1751ms)
			ProcessInitializeOnLoadMethodAttributes (68ms)
			AfterProcessingInitializeOnLoad (3ms)
			EditorAssembliesLoaded (0ms)
		ExecutionOrderSort2 (0ms)
		AwakeInstancesAfterBackupRestoration (19ms)
Refreshing native plugins compatible for Editor in 0.60 ms, found 2 plugins.
Preloading 0 native plugins for Editor in 0.00 ms.
Unloading 3 Unused Serialized files (Serialized files now loaded: 0)
Unloading 3215 unused Assets / (1.7 MB). Loaded Objects now: 3822.
Memory consumption went from 138.2 MB to 136.5 MB.
Total: 14.013626 ms (FindLiveObjects: 0.750311 ms CreateObjectMapping: 0.784417 ms MarkObjects: 9.781872 ms  DeleteObjects: 2.694557 ms)

Prepare: number of updated asset objects reloaded= 0
