Using pre-set license
Built from '2023.2/release' branch; Version is '2023.2.10f1 (316c1fd686f6) revision 3238943'; Using compiler version '193431935'; Build Type 'Release'
OS: 'Windows 11  (10.0.22631) 64bit Core' Language: 'en' Physical Memory: 16095 MB
windows exception 0xc0000005 at address 0x00007FFA8CA9ABBC
Obtained 15 stack frames
0x00007ffa8b6d292d (Unity) StackWalker::ShowCallstack
0x00007ffa8b6da1c9 (Unity) GetStacktrace
0x00007ffa8b6dba2b (Unity) winutils::PrintStackTrace
0x00007ffa8b6d734a (Unity) winutils::CrashHandler::DefaultCrashHandler
0x00007ffb8df3ca6c (KERNELBASE) UnhandledExceptionFilter
0x00007ffb90a78a7d (ntdll) memcpy
0x00007ffb90a5f187 (ntdll) _C_specific_handler
0x00007ffb90a7440f (ntdll) _chkstk
0x00007ffb909ee466 (ntdll) RtlFindCharInUnicodeString
0x00007ffb90a733fe (ntdll) KiUserExceptionDispatcher
0x00007ffa8ca9abbc (Unity) WorkerLicense::HasEntitlement
0x00007ffa8c7144ae (Unity) UnityMain
0x00007ff7e8af2cda (Unity) __scrt_common_main_seh
0x00007ffb8f3c257d (KERNEL32) BaseThreadInitThunk
0x00007ffb90a2aa48 (ntdll) RtlUserThreadStart

