Using pre-set license
Built from '2023.2/release' branch; Version is '2023.2.10f1 (316c1fd686f6) revision 3238943'; Using compiler version '193431935'; Build Type 'Release'
OS: 'Windows 11  (10.0.22631) 64bit Core' Language: 'en' Physical Memory: 16095 MB
windows exception 0xc0000005 at address 0x00007FFB0B17ABBC
Obtained 15 stack frames
0x00007ffb09db292d (Unity) StackWalker::ShowCallstack
0x00007ffb09dba1c9 (Unity) GetStacktrace
0x00007ffb09dbba2b (Unity) winutils::PrintStackTrace
0x00007ffb09db734a (Unity) winutils::CrashHandler::DefaultCrashHandler
0x00007ffc1060cf1c (KERNELBASE) UnhandledExceptionFilter
0x00007ffc12e98abd (ntdll) memcpy
0x00007ffc12e7f197 (ntdll) _C_specific_handler
0x00007ffc12e9441f (ntdll) _chkstk
0x00007ffc12e0e466 (ntdll) RtlFindCharInUnicodeString
0x00007ffc12e9340e (ntdll) KiUserExceptionDispatcher
0x00007ffb0b17abbc (Unity) WorkerLicense::HasEntitlement
0x00007ffb0adf44ae (Unity) UnityMain
0x00007ff6baba2cda (Unity) __scrt_common_main_seh
0x00007ffc10b6257d (KERNEL32) BaseThreadInitThunk
0x00007ffc12e4aa58 (ntdll) RtlUserThreadStart

